<?xml version="1.0" encoding="UTF-8"?>
<!-- Generated by org.testng.reporters.JUnitReportReporter -->
<testsuite hostname="DESKTOP-OQ3S7AV" failures="0" tests="1" name="demo.CreateOrg" time="0.013" errors="0" timestamp="2023-02-09T15:10:07 IST" skipped="0">
  <testcase classname="demo.CreateOrg" name="test1" time="0.013"/>
  <system-out/>
</testsuite> <!-- demo.CreateOrg -->
